Using pre-set license
Built from '2020.3/staging' branch; Version is '2020.3.18f1 (a7d1c678663c) revision 10998214'; Using compiler version '192528614'; Build Type 'Release'
OS: 'Windows 10 Home; OS build 19042.1466; Version 2009; 64bit' Language: 'en' Physical Memory: 16267 MB
BatchMode: 1, IsHumanControllingUs: 0, StartBugReporterOnCrash: 0, Is64bit: 1, IsPro: 0

COMMAND LINE ARGUMENTS:
C:\Program Files\Unity\Hub\Editor\2020.3.18f1\Editor\Unity.exe
-adb2
-batchMode
-noUpm
-name
AssetImportWorker0
-projectPath
D:/D-Drive Files/GitHub/PixelArtPipeline
-logFile
Logs/AssetImportWorker0.log
-srvPort
56407
Successfully changed project path to: D:/D-Drive Files/GitHub/PixelArtPipeline
D:/D-Drive Files/GitHub/PixelArtPipeline
Using Asset Import Pipeline V2.
Refreshing native plugins compatible for Editor in 54.43 ms, found 2 plugins.
Preloading 0 native plugins for Editor in 0.00 ms.
Initialize engine version: 2020.3.18f1 (a7d1c678663c)
[Subsystems] Discovering subsystems at path C:/Program Files/Unity/Hub/Editor/2020.3.18f1/Editor/Data/Resources/UnitySubsystems
[Subsystems] Discovering subsystems at path D:/D-Drive Files/GitHub/PixelArtPipeline/Assets
GfxDevice: creating device client; threaded=0
Direct3D:
    Version:  Direct3D 11.0 [level 11.1]
    Renderer: NVIDIA GeForce GTX 1060 (ID=0x1c20)
    Vendor:   
    VRAM:     6052 MB
    Driver:   27.21.14.6627
Initialize mono
Mono path[0] = 'C:/Program Files/Unity/Hub/Editor/2020.3.18f1/Editor/Data/Managed'
Mono path[1] = 'C:/Program Files/Unity/Hub/Editor/2020.3.18f1/Editor/Data/MonoBleedingEdge/lib/mono/unityjit'
Mono config path = 'C:/Program Files/Unity/Hub/Editor/2020.3.18f1/Editor/Data/MonoBleedingEdge/etc'
Using monoOptions --debugger-agent=transport=dt_socket,embedding=1,server=y,suspend=n,address=127.0.0.1:56540
Begin MonoManager ReloadAssembly
Registering precompiled unity dll's ...
Register platform support module: C:/Program Files/Unity/Hub/Editor/2020.3.18f1/Editor/Data/PlaybackEngines/WindowsStandaloneSupport/UnityEditor.WindowsStandalone.Extensions.dll
Registered in 0.002834 seconds.
Native extension for WindowsStandalone target not found
Refreshing native plugins compatible for Editor in 45.80 ms, found 2 plugins.
Preloading 0 native plugins for Editor in 0.00 ms.
Mono: successfully reloaded assembly
- Completed reload, in  1.341 seconds
Domain Reload Profiling:
	ReloadAssembly (1342ms)
		BeginReloadAssembly (71ms)
			ExecutionOrderSort (0ms)
			DisableScriptedObjects (0ms)
			BackupInstance (0ms)
			ReleaseScriptingObjects (0ms)
			CreateAndSetChildDomain (1ms)
		EndReloadAssembly (492ms)
			LoadAssemblies (67ms)
			RebuildTransferFunctionScriptingTraits (0ms)
			SetupTypeCache (171ms)
			ReleaseScriptCaches (0ms)
			RebuildScriptCaches (34ms)
			SetupLoadedEditorAssemblies (194ms)
				LogAssemblyErrors (0ms)
				InitializePlatformSupportModulesInManaged (4ms)
				SetLoadedEditorAssemblies (0ms)
				RefreshPlugins (46ms)
				BeforeProcessingInitializeOnLoad (20ms)
				ProcessInitializeOnLoadAttributes (90ms)
				ProcessInitializeOnLoadMethodAttributes (33ms)
				AfterProcessingInitializeOnLoad (0ms)
				EditorAssembliesLoaded (0ms)
			ExecutionOrderSort2 (0ms)
			AwakeInstancesAfterBackupRestoration (0ms)
Platform modules already initialized, skipping
Registering precompiled user dll's ...
Registered in 0.005736 seconds.
Begin MonoManager ReloadAssembly
Native extension for WindowsStandalone target not found
Refreshing native plugins compatible for Editor in 0.81 ms, found 2 plugins.
Preloading 0 native plugins for Editor in 0.00 ms.
Mono: successfully reloaded assembly
- Completed reload, in  1.355 seconds
Domain Reload Profiling:
	ReloadAssembly (1356ms)
		BeginReloadAssembly (167ms)
			ExecutionOrderSort (0ms)
			DisableScriptedObjects (5ms)
			BackupInstance (0ms)
			ReleaseScriptingObjects (0ms)
			CreateAndSetChildDomain (22ms)
		EndReloadAssembly (1116ms)
			LoadAssemblies (119ms)
			RebuildTransferFunctionScriptingTraits (0ms)
			SetupTypeCache (328ms)
			ReleaseScriptCaches (1ms)
			RebuildScriptCaches (79ms)
			SetupLoadedEditorAssemblies (464ms)
				LogAssemblyErrors (0ms)
				InitializePlatformSupportModulesInManaged (8ms)
				SetLoadedEditorAssemblies (1ms)
				RefreshPlugins (1ms)
				BeforeProcessingInitializeOnLoad (122ms)
				ProcessInitializeOnLoadAttributes (283ms)
				ProcessInitializeOnLoadMethodAttributes (39ms)
				AfterProcessingInitializeOnLoad (10ms)
				EditorAssembliesLoaded (0ms)
			ExecutionOrderSort2 (0ms)
			AwakeInstancesAfterBackupRestoration (7ms)
Platform modules already initialized, skipping
========================================================================
Worker process is ready to serve import requests
Launched and connected shader compiler UnityShaderCompiler.exe after 0.07 seconds
Refreshing native plugins compatible for Editor in 0.78 ms, found 2 plugins.
Preloading 0 native plugins for Editor in 0.00 ms.
Unloading 1968 Unused Serialized files (Serialized files now loaded: 0)
System memory in use before: 81.2 MB.
System memory in use after: 81.2 MB.

Unloading 56 unused Assets to reduce memory usage. Loaded Objects now: 2374.
Total: 7.680000 ms (FindLiveObjects: 0.202200 ms CreateObjectMapping: 0.064800 ms MarkObjects: 7.270900 ms  DeleteObjects: 0.140900 ms)

AssetImportParameters requested are different than current active one (requested -> active):
  custom:framework-win-MediaFoundation: 216162199b28c13a410421893ffa2e32 -> 
  custom:video-decoder-ogg-theora: a1e56fd34408186e4bbccfd4996cb3dc -> 
  custom:container-muxer-webm: aa71ff27fc2769a1b78a27578f13a17b -> 
  custom:container-demuxer-webm: 4f35f7cbe854078d1ac9338744f61a02 -> 
  custom:container-demuxer-ogg: 62fdf1f143b41e24485cea50d1cbac27 -> 
  custom:video-encoder-webm-vp8: eb34c28f22e8b96e1ab97ce403110664 -> 
  custom:video-codec-MediaFoundation-h265: 746d11721c4dcdbdad8f713fa42b33f4 -> 
  custom:video-decoder-webm-vp8: 9c59270c3fd7afecdb556c50c9e8de78 -> 
  custom:audio-decoder-ogg-vorbis: bf7c407c2cedff20999df2af8eb42d56 -> 
  custom:audio-encoder-webm-vorbis: bf7c407c2cedff20999df2af8eb42d56 -> 
========================================================================
Received Import Request.
  path: Assets/Shaders
  artifactKey: Guid(4f29ad5811e683a47a1de6c9558616ff) Importer(815301076,1909f56bfc062723c751e8b465ee728b)
Start importing Assets/Shaders using Guid(4f29ad5811e683a47a1de6c9558616ff) Importer(815301076,1909f56bfc062723c751e8b465ee728b)  -> (artifact id: 'bad153b0e67d54086ee4d3b3e2cae9b3') in 0.005299 seconds 
  Import took 0.008733 seconds .

========================================================================
Received Import Request.
  Time since last request: 0.000549 seconds.
  path: Assets/Animations/idle.FBX
  artifactKey: Guid(b390b86e591e0a04fb35a20bc7e61053) Importer(815301076,1909f56bfc062723c751e8b465ee728b)
Start importing Assets/Animations/idle.FBX using Guid(b390b86e591e0a04fb35a20bc7e61053) Importer(815301076,1909f56bfc062723c751e8b465ee728b)  -> (artifact id: '0ed73630497eca7eb9d83644e6ea9e9f') in 0.063383 seconds 
  Import took 0.066903 seconds .

========================================================================
Received Import Request.
  Time since last request: 0.000393 seconds.
  path: Assets/Animations
  artifactKey: Guid(1a8bc46468a17824e9edef899dfa15b2) Importer(815301076,1909f56bfc062723c751e8b465ee728b)
Start importing Assets/Animations using Guid(1a8bc46468a17824e9edef899dfa15b2) Importer(815301076,1909f56bfc062723c751e8b465ee728b)  -> (artifact id: '9e6da0d0e8f72970c5de35d1dc5aaf85') in 0.002411 seconds 
  Import took 0.005356 seconds .

========================================================================
Received Import Request.
  Time since last request: 0.000415 seconds.
  path: Assets/Animations/floss.FBX
  artifactKey: Guid(d1b7b17b13c113a4390bd9c3c870b4a4) Importer(815301076,1909f56bfc062723c751e8b465ee728b)
Start importing Assets/Animations/floss.FBX using Guid(d1b7b17b13c113a4390bd9c3c870b4a4) Importer(815301076,1909f56bfc062723c751e8b465ee728b)  -> (artifact id: '72b65d4af4a74c1842be872393051ce6') in 0.007836 seconds 
  Import took 0.011773 seconds .

========================================================================
Received Import Request.
  Time since last request: 0.000508 seconds.
  path: Assets/Animations2D
  artifactKey: Guid(c7054f6bcca83e54b84492569c40c73a) Importer(815301076,1909f56bfc062723c751e8b465ee728b)
Start importing Assets/Animations2D using Guid(c7054f6bcca83e54b84492569c40c73a) Importer(815301076,1909f56bfc062723c751e8b465ee728b)  -> (artifact id: 'b160fcf04085c7d2418c04605452b65a') in 0.003279 seconds 
  Import took 0.007476 seconds .

========================================================================
Received Import Request.
  Time since last request: 1.010888 seconds.
  path: Assets/ExampleScenes
  artifactKey: Guid(708cdf9565d9f7949baa00e60f3f1747) Importer(815301076,1909f56bfc062723c751e8b465ee728b)
Start importing Assets/ExampleScenes using Guid(708cdf9565d9f7949baa00e60f3f1747) Importer(815301076,1909f56bfc062723c751e8b465ee728b)  -> (artifact id: '49d17fb32b6415c9692582aa5a83f66a') in 0.004500 seconds 
  Import took 0.009437 seconds .

========================================================================
Received Import Request.
  Time since last request: 1.607736 seconds.
  path: Assets/ExampleScenes/capture_example.unity
  artifactKey: Guid(7c893ba66c6010f4eaf718fea7ae9b9b) Importer(815301076,1909f56bfc062723c751e8b465ee728b)
Start importing Assets/ExampleScenes/capture_example.unity using Guid(7c893ba66c6010f4eaf718fea7ae9b9b) Importer(815301076,1909f56bfc062723c751e8b465ee728b)  -> (artifact id: '5e9b98cce6152f72a401217ec7528086') in 0.003398 seconds 
  Import took 0.007039 seconds .

========================================================================
Received Import Request.
  Time since last request: 18.885800 seconds.
  path: Assets/Models
  artifactKey: Guid(3f7ce4f4c236e0a40b0ce77e73a224db) Importer(815301076,1909f56bfc062723c751e8b465ee728b)
Start importing Assets/Models using Guid(3f7ce4f4c236e0a40b0ce77e73a224db) Importer(815301076,1909f56bfc062723c751e8b465ee728b)  -> (artifact id: '66ee89989747d79234a437a39965b5fa') in 0.004143 seconds 
  Import took 0.009536 seconds .

========================================================================
Received Import Request.
  Time since last request: 0.200255 seconds.
  path: Assets/Models/turtleneck_dude.FBX
  artifactKey: Guid(c2e12ebcf06c0944d9db07f71c369ef2) Importer(815301076,1909f56bfc062723c751e8b465ee728b)
Start importing Assets/Models/turtleneck_dude.FBX using Guid(c2e12ebcf06c0944d9db07f71c369ef2) Importer(815301076,1909f56bfc062723c751e8b465ee728b)  -> (artifact id: '83b6afc6e5c295d2d655dc89f483d270') in 0.383965 seconds 
  Import took 0.388268 seconds .

========================================================================
Received Import Request.
  Time since last request: 6.693272 seconds.
  path: Assets/Models/xbot@Fast Run.fbx
  artifactKey: Guid(aa11bf1dbfc813b47b58c01aae4dbfcc) Importer(815301076,1909f56bfc062723c751e8b465ee728b)
Start importing Assets/Models/xbot@Fast Run.fbx using Guid(aa11bf1dbfc813b47b58c01aae4dbfcc) Importer(815301076,1909f56bfc062723c751e8b465ee728b)  -> (artifact id: '1ee756c27d4548198a9fc117d9778ccf') in 0.123343 seconds 
  Import took 0.127724 seconds .

========================================================================
Received Import Request.
  Time since last request: 31.809096 seconds.
  path: Assets/Models/xbot@Fast Run.fbx
  artifactKey: Guid(aa11bf1dbfc813b47b58c01aae4dbfcc) Importer(815301076,1909f56bfc062723c751e8b465ee728b)
Start importing Assets/Models/xbot@Fast Run.fbx using Guid(aa11bf1dbfc813b47b58c01aae4dbfcc) Importer(815301076,1909f56bfc062723c751e8b465ee728b)  -> (artifact id: '3241f6a7ca20ff8f546c5c1f2ab9d23f') in 0.079828 seconds 
  Import took 0.084920 seconds .

========================================================================
Received Import Request.
  Time since last request: 0.005546 seconds.
  path: Assets/Models/xbot@Fast Run.fbx
  artifactKey: Guid(aa11bf1dbfc813b47b58c01aae4dbfcc) Importer(815301076,1909f56bfc062723c751e8b465ee728b)
Start importing Assets/Models/xbot@Fast Run.fbx using Guid(aa11bf1dbfc813b47b58c01aae4dbfcc) Importer(815301076,1909f56bfc062723c751e8b465ee728b)  -> (artifact id: '3241f6a7ca20ff8f546c5c1f2ab9d23f') in 0.068082 seconds 
  Import took 0.073461 seconds .

========================================================================
Received Import Request.
  Time since last request: 177.733074 seconds.
  path: Assets/Materials/toon_lit_sprite_floss.mat
  artifactKey: Guid(265f9c441c08eec4796d6bdc81952b3b) Importer(815301076,1909f56bfc062723c751e8b465ee728b)
Start importing Assets/Materials/toon_lit_sprite_floss.mat using Guid(265f9c441c08eec4796d6bdc81952b3b) Importer(815301076,1909f56bfc062723c751e8b465ee728b)  -> (artifact id: '8fdc6ee06cdd9a7005869a328f605b68') in 0.043364 seconds 
  Import took 0.048607 seconds .

========================================================================
Received Import Request.
  Time since last request: 0.000398 seconds.
  path: Assets/Materials/unlit_black.mat
  artifactKey: Guid(73a256ce22f0035418e61be1ed8c61fc) Importer(815301076,1909f56bfc062723c751e8b465ee728b)
Start importing Assets/Materials/unlit_black.mat using Guid(73a256ce22f0035418e61be1ed8c61fc) Importer(815301076,1909f56bfc062723c751e8b465ee728b)  -> (artifact id: '6202ee730a18d4cacb036f0042338fcc') in 0.010666 seconds 
  Import took 0.013797 seconds .

========================================================================
Received Import Request.
  Time since last request: 0.000363 seconds.
  path: Assets/Materials/unlit_brown.mat
  artifactKey: Guid(ec300626193d7454e86e7627e8ab92b1) Importer(815301076,1909f56bfc062723c751e8b465ee728b)
Start importing Assets/Materials/unlit_brown.mat using Guid(ec300626193d7454e86e7627e8ab92b1) Importer(815301076,1909f56bfc062723c751e8b465ee728b)  -> (artifact id: '290de27eb698b97e07cc62d6834d43ea') in 0.009901 seconds 
  Import took 0.012810 seconds .

========================================================================
Received Import Request.
  Time since last request: 0.000380 seconds.
  path: Assets/Materials/unlit_blue.mat
  artifactKey: Guid(77736d555ea081c46802593572841c44) Importer(815301076,1909f56bfc062723c751e8b465ee728b)
Start importing Assets/Materials/unlit_blue.mat using Guid(77736d555ea081c46802593572841c44) Importer(815301076,1909f56bfc062723c751e8b465ee728b)  -> (artifact id: 'cede9b00fb813b069d580b92df7ef702') in 0.009288 seconds 
  Import took 0.012315 seconds .

========================================================================
Received Import Request.
  Time since last request: 0.000435 seconds.
  path: Assets/Materials/toon_lit_sprite_idle.mat
  artifactKey: Guid(069b9bfd90171aa4d8f52fb9f99f72d9) Importer(815301076,1909f56bfc062723c751e8b465ee728b)
Start importing Assets/Materials/toon_lit_sprite_idle.mat using Guid(069b9bfd90171aa4d8f52fb9f99f72d9) Importer(815301076,1909f56bfc062723c751e8b465ee728b)  -> (artifact id: '643a3606441c7e194232e94c34ad029e') in 0.012569 seconds 
  Import took 0.016143 seconds .

AssetImportWorkerClient::OnTransportError - code=2 error=End of file
