Using pre-set license
Built from '2020.3/staging' branch; Version is '2020.3.18f1 (a7d1c678663c) revision 10998214'; Using compiler version '192528614'; Build Type 'Release'
OS: 'Windows 10 Home; OS build 19042.1526; Version 2009; 64bit' Language: 'en' Physical Memory: 16267 MB
BatchMode: 1, IsHumanControllingUs: 0, StartBugReporterOnCrash: 0, Is64bit: 1, IsPro: 0

COMMAND LINE ARGUMENTS:
C:\Program Files\Unity\Hub\Editor\2020.3.18f1\Editor\Unity.exe
-adb2
-batchMode
-noUpm
-name
AssetImportWorker0
-projectPath
D:/D-Drive Files/GitHub/PixelArtPipeline
-logFile
Logs/AssetImportWorker0.log
-srvPort
58487
Successfully changed project path to: D:/D-Drive Files/GitHub/PixelArtPipeline
D:/D-Drive Files/GitHub/PixelArtPipeline
Using Asset Import Pipeline V2.
Refreshing native plugins compatible for Editor in 72.84 ms, found 2 plugins.
Preloading 0 native plugins for Editor in 0.00 ms.
Initialize engine version: 2020.3.18f1 (a7d1c678663c)
[Subsystems] Discovering subsystems at path C:/Program Files/Unity/Hub/Editor/2020.3.18f1/Editor/Data/Resources/UnitySubsystems
[Subsystems] Discovering subsystems at path D:/D-Drive Files/GitHub/PixelArtPipeline/Assets
GfxDevice: creating device client; threaded=0
Direct3D:
    Version:  Direct3D 11.0 [level 11.1]
    Renderer: NVIDIA GeForce GTX 1060 (ID=0x1c20)
    Vendor:   
    VRAM:     6052 MB
    Driver:   30.0.15.1179
Initialize mono
Mono path[0] = 'C:/Program Files/Unity/Hub/Editor/2020.3.18f1/Editor/Data/Managed'
Mono path[1] = 'C:/Program Files/Unity/Hub/Editor/2020.3.18f1/Editor/Data/MonoBleedingEdge/lib/mono/unityjit'
Mono config path = 'C:/Program Files/Unity/Hub/Editor/2020.3.18f1/Editor/Data/MonoBleedingEdge/etc'
Using monoOptions --debugger-agent=transport=dt_socket,embedding=1,server=y,suspend=n,address=127.0.0.1:56268
Begin MonoManager ReloadAssembly
Registering precompiled unity dll's ...
Register platform support module: C:/Program Files/Unity/Hub/Editor/2020.3.18f1/Editor/Data/PlaybackEngines/WindowsStandaloneSupport/UnityEditor.WindowsStandalone.Extensions.dll
Registered in 0.003626 seconds.
Native extension for WindowsStandalone target not found
Refreshing native plugins compatible for Editor in 59.51 ms, found 2 plugins.
Preloading 0 native plugins for Editor in 0.00 ms.
Mono: successfully reloaded assembly
- Completed reload, in  1.571 seconds
Domain Reload Profiling:
	ReloadAssembly (1571ms)
		BeginReloadAssembly (84ms)
			ExecutionOrderSort (0ms)
			DisableScriptedObjects (0ms)
			BackupInstance (0ms)
			ReleaseScriptingObjects (0ms)
			CreateAndSetChildDomain (1ms)
		EndReloadAssembly (593ms)
			LoadAssemblies (81ms)
			RebuildTransferFunctionScriptingTraits (0ms)
			SetupTypeCache (219ms)
			ReleaseScriptCaches (0ms)
			RebuildScriptCaches (42ms)
			SetupLoadedEditorAssemblies (232ms)
				LogAssemblyErrors (0ms)
				InitializePlatformSupportModulesInManaged (4ms)
				SetLoadedEditorAssemblies (0ms)
				RefreshPlugins (60ms)
				BeforeProcessingInitializeOnLoad (23ms)
				ProcessInitializeOnLoadAttributes (103ms)
				ProcessInitializeOnLoadMethodAttributes (41ms)
				AfterProcessingInitializeOnLoad (0ms)
				EditorAssembliesLoaded (0ms)
			ExecutionOrderSort2 (0ms)
			AwakeInstancesAfterBackupRestoration (0ms)
Platform modules already initialized, skipping
Registering precompiled user dll's ...
Registered in 0.007230 seconds.
Begin MonoManager ReloadAssembly
Native extension for WindowsStandalone target not found
Refreshing native plugins compatible for Editor in 1.17 ms, found 2 plugins.
Preloading 0 native plugins for Editor in 0.00 ms.
Mono: successfully reloaded assembly
- Completed reload, in  1.588 seconds
Domain Reload Profiling:
	ReloadAssembly (1590ms)
		BeginReloadAssembly (210ms)
			ExecutionOrderSort (0ms)
			DisableScriptedObjects (7ms)
			BackupInstance (0ms)
			ReleaseScriptingObjects (0ms)
			CreateAndSetChildDomain (25ms)
		EndReloadAssembly (1290ms)
			LoadAssemblies (149ms)
			RebuildTransferFunctionScriptingTraits (0ms)
			SetupTypeCache (402ms)
			ReleaseScriptCaches (0ms)
			RebuildScriptCaches (66ms)
			SetupLoadedEditorAssemblies (551ms)
				LogAssemblyErrors (0ms)
				InitializePlatformSupportModulesInManaged (8ms)
				SetLoadedEditorAssemblies (1ms)
				RefreshPlugins (1ms)
				BeforeProcessingInitializeOnLoad (130ms)
				ProcessInitializeOnLoadAttributes (360ms)
				ProcessInitializeOnLoadMethodAttributes (41ms)
				AfterProcessingInitializeOnLoad (9ms)
				EditorAssembliesLoaded (0ms)
			ExecutionOrderSort2 (0ms)
			AwakeInstancesAfterBackupRestoration (9ms)
Platform modules already initialized, skipping
========================================================================
Worker process is ready to serve import requests
Launched and connected shader compiler UnityShaderCompiler.exe after 0.07 seconds
Refreshing native plugins compatible for Editor in 1.04 ms, found 2 plugins.
Preloading 0 native plugins for Editor in 0.00 ms.
Unloading 1968 Unused Serialized files (Serialized files now loaded: 0)
System memory in use before: 81.2 MB.
System memory in use after: 81.3 MB.

Unloading 56 unused Assets to reduce memory usage. Loaded Objects now: 2375.
Total: 8.578900 ms (FindLiveObjects: 0.258100 ms CreateObjectMapping: 0.087700 ms MarkObjects: 8.121100 ms  DeleteObjects: 0.110300 ms)

AssetImportParameters requested are different than current active one (requested -> active):
  custom:framework-win-MediaFoundation: 216162199b28c13a410421893ffa2e32 -> 
  custom:video-decoder-ogg-theora: a1e56fd34408186e4bbccfd4996cb3dc -> 
  custom:container-muxer-webm: aa71ff27fc2769a1b78a27578f13a17b -> 
  custom:container-demuxer-webm: 4f35f7cbe854078d1ac9338744f61a02 -> 
  custom:container-demuxer-ogg: 62fdf1f143b41e24485cea50d1cbac27 -> 
  custom:video-encoder-webm-vp8: eb34c28f22e8b96e1ab97ce403110664 -> 
  custom:video-codec-MediaFoundation-h265: 746d11721c4dcdbdad8f713fa42b33f4 -> 
  custom:video-decoder-webm-vp8: 9c59270c3fd7afecdb556c50c9e8de78 -> 
  custom:audio-decoder-ogg-vorbis: bf7c407c2cedff20999df2af8eb42d56 -> 
  custom:audio-encoder-webm-vorbis: bf7c407c2cedff20999df2af8eb42d56 -> 
========================================================================
Received Import Request.
  path: Assets/Textures/FlossAtlasNormalMap.png
  artifactKey: Guid(95bf42de392241f40823c203704afbc1) Importer(815301076,1909f56bfc062723c751e8b465ee728b)
Start importing Assets/Textures/FlossAtlasNormalMap.png using Guid(95bf42de392241f40823c203704afbc1) Importer(815301076,1909f56bfc062723c751e8b465ee728b)  -> (artifact id: 'aa8a74aa4f0477dc23bd714d5ed68c35') in 0.186938 seconds 
  Import took 0.191501 seconds .

========================================================================
Received Import Request.
  Time since last request: 0.000308 seconds.
  path: Assets/Textures/FlossAtlasDiffuse.png
  artifactKey: Guid(a865280c6a1022a429556b92b969bdc1) Importer(815301076,1909f56bfc062723c751e8b465ee728b)
Start importing Assets/Textures/FlossAtlasDiffuse.png using Guid(a865280c6a1022a429556b92b969bdc1) Importer(815301076,1909f56bfc062723c751e8b465ee728b)  -> (artifact id: 'b67489374a84bf01fc3de9d63b9220f6') in 0.257862 seconds 
  Import took 0.267361 seconds .

========================================================================
Received Import Request.
  Time since last request: 0.000377 seconds.
  path: Assets/Textures/IdleAtlasNormalMap.png
  artifactKey: Guid(fe434a5ea0b937f48963a8ccc68a8576) Importer(815301076,1909f56bfc062723c751e8b465ee728b)
Start importing Assets/Textures/IdleAtlasNormalMap.png using Guid(fe434a5ea0b937f48963a8ccc68a8576) Importer(815301076,1909f56bfc062723c751e8b465ee728b)  -> (artifact id: 'a47f7c2eb6000bcdce679d5966e8c716') in 0.021636 seconds 
  Import took 0.027257 seconds .

========================================================================
Received Import Request.
  Time since last request: 0.000555 seconds.
  path: Assets/Textures/IdleAtlasDiffuse.png
  artifactKey: Guid(75f775848f1f5244dadd1ff14f5522f8) Importer(815301076,1909f56bfc062723c751e8b465ee728b)
Start importing Assets/Textures/IdleAtlasDiffuse.png using Guid(75f775848f1f5244dadd1ff14f5522f8) Importer(815301076,1909f56bfc062723c751e8b465ee728b)  -> (artifact id: '9b592c4e4550bd51cd2267d95e853e8a') in 0.253764 seconds 
  Import took 0.264032 seconds .

========================================================================
Received Import Request.
  Time since last request: 12.916045 seconds.
  path: Assets/Models/xbot@Falling Idle.fbx
  artifactKey: Guid(e53b9d457969e4649bcacf5eade7a49c) Importer(815301076,1909f56bfc062723c751e8b465ee728b)
Start importing Assets/Models/xbot@Falling Idle.fbx using Guid(e53b9d457969e4649bcacf5eade7a49c) Importer(815301076,1909f56bfc062723c751e8b465ee728b)  -> (artifact id: 'c45f278f82c4af6937cca134b7e6e6a7') in 0.232867 seconds 
  Import took 0.245936 seconds .

========================================================================
Received Import Request.
  Time since last request: 15.929566 seconds.
  path: Assets/Models/xbot@Falling Idle.fbx
  artifactKey: Guid(e53b9d457969e4649bcacf5eade7a49c) Importer(815301076,1909f56bfc062723c751e8b465ee728b)
Start importing Assets/Models/xbot@Falling Idle.fbx using Guid(e53b9d457969e4649bcacf5eade7a49c) Importer(815301076,1909f56bfc062723c751e8b465ee728b)  -> (artifact id: '1af11c19843e09b4fa37ae5d79f5fd0e') in 0.109886 seconds 
  Import took 0.125229 seconds .

========================================================================
Received Import Request.
  Time since last request: 870.801254 seconds.
  path: Assets/Models/xbot@Jumping Up.fbx
  artifactKey: Guid(cc3b8a923cdd25a43bb26540950d1662) Importer(815301076,1909f56bfc062723c751e8b465ee728b)
Start importing Assets/Models/xbot@Jumping Up.fbx using Guid(cc3b8a923cdd25a43bb26540950d1662) Importer(815301076,1909f56bfc062723c751e8b465ee728b)  -> (artifact id: '10ff77df4012c7f398a3bd22d9437a03') in 0.140960 seconds 
  Import took 0.156356 seconds .

========================================================================
Received Import Request.
  Time since last request: 6.930269 seconds.
  path: Assets/Models/xbot@Jumping Up.fbx
  artifactKey: Guid(cc3b8a923cdd25a43bb26540950d1662) Importer(815301076,1909f56bfc062723c751e8b465ee728b)
Start importing Assets/Models/xbot@Jumping Up.fbx using Guid(cc3b8a923cdd25a43bb26540950d1662) Importer(815301076,1909f56bfc062723c751e8b465ee728b)  -> (artifact id: '39bbf01e50868f982da18eed19048d5a') in 0.078698 seconds 
  Import took 0.082762 seconds .

========================================================================
Received Import Request.
  Time since last request: 0.002791 seconds.
  path: Assets/Models/xbot@Jumping Up.fbx
  artifactKey: Guid(cc3b8a923cdd25a43bb26540950d1662) Importer(815301076,1909f56bfc062723c751e8b465ee728b)
Start importing Assets/Models/xbot@Jumping Up.fbx using Guid(cc3b8a923cdd25a43bb26540950d1662) Importer(815301076,1909f56bfc062723c751e8b465ee728b)  -> (artifact id: '39bbf01e50868f982da18eed19048d5a') in 0.091078 seconds 
  Import took 0.098048 seconds .

